<?xml version="1.0" encoding="UTF-8"?>
<!-- Generated by org.testng.reporters.JUnitReportReporter -->
<testsuite hostname="LAPTOP-4P9SU403" failures="13" tests="235" name="runner.TestRunner" time="206.582" errors="1" timestamp="2023-08-09T10:50:23 CDT" skipped="0">
  <testcase classname="runner.TestRunner" name="runScenario" time="0.850"/>
  <testcase classname="runner.TestRunner" name="runScenario" time="0.862"/>
  <testcase classname="runner.TestRunner" name="runScenario" time="0.718"/>
  <testcase classname="runner.TestRunner" name="runScenario" time="1.167"/>
  <testcase classname="runner.TestRunner" name="runScenario" time="0.533"/>
  <testcase classname="runner.TestRunner" name="runScenario" time="0.919"/>
  <testcase classname="runner.TestRunner" name="runScenario" time="0.509"/>
  <testcase classname="runner.TestRunner" name="runScenario" time="0.527"/>
  <testcase classname="runner.TestRunner" name="runScenario" time="0.881"/>
  <testcase classname="runner.TestRunner" name="runScenario" time="0.723"/>
  <testcase classname="runner.TestRunner" name="runScenario" time="0.916"/>
  <testcase classname="runner.TestRunner" name="runScenario" time="1.395">
    <failure message="expected [Password should contain at least 8 characters] but found [password_mismatch:The two password fields didn’t match.]" type="java.lang.AssertionError">
      <![CDATA[java.lang.AssertionError: expected [Password should contain at least 8 characters] but found [password_mismatch:The two password fields didn’t match.]
at org.testng.Assert.fail(Assert.java:111)
at org.testng.Assert.failNotEquals(Assert.java:1578)
at org.testng.Assert.assertEqualsImpl(Assert.java:150)
at org.testng.Assert.assertEquals(Assert.java:132)
at org.testng.Assert.assertEquals(Assert.java:656)
at org.testng.Assert.assertEquals(Assert.java:666)
at stepDefinitions.RegisterPageSD.it_should_display_an_error_message(RegisterPageSD.java:92)
at ✽.It should display an error message "Password should contain at least 8 characters"(file:///C:/Users/14793/eclipse-workspace/DSAlgosample/DSAlgo/src/test/resources/features/2_RegisterPage.feature:64)
]]>
    </failure>
  </testcase> <!-- runScenario -->
  <testcase classname="runner.TestRunner" name="runScenario" time="0.589"/>
  <testcase classname="runner.TestRunner" name="runScenario" time="0.943"/>
  <testcase classname="runner.TestRunner" name="runScenario" time="0.102"/>
  <testcase classname="runner.TestRunner" name="runScenario" time="2.855"/>
  <testcase classname="runner.TestRunner" name="runScenario" time="1.907"/>
  <testcase classname="runner.TestRunner" name="runScenario" time="1.582"/>
  <testcase classname="runner.TestRunner" name="runScenario" time="0.158"/>
  <testcase classname="runner.TestRunner" name="runScenario" time="0.652"/>
  <testcase classname="runner.TestRunner" name="runScenario" time="0.570"/>
  <testcase classname="runner.TestRunner" name="runScenario" time="0.814"/>
  <testcase classname="runner.TestRunner" name="runScenario" time="0.701"/>
  <testcase classname="runner.TestRunner" name="runScenario" time="0.080"/>
  <testcase classname="runner.TestRunner" name="runScenario" time="0.639"/>
  <testcase classname="runner.TestRunner" name="runScenario" time="1.591"/>
  <testcase classname="runner.TestRunner" name="runScenario" time="0.937"/>
  <testcase classname="runner.TestRunner" name="runScenario" time="0.887"/>
  <testcase classname="runner.TestRunner" name="runScenario" time="0.659"/>
  <testcase classname="runner.TestRunner" name="runScenario" time="0.831"/>
  <testcase classname="runner.TestRunner" name="runScenario" time="1.191"/>
  <testcase classname="runner.TestRunner" name="runScenario" time="0.686"/>
  <testcase classname="runner.TestRunner" name="runScenario" time="1.174"/>
  <testcase classname="runner.TestRunner" name="runScenario" time="0.981"/>
  <testcase classname="runner.TestRunner" name="runScenario" time="0.506"/>
  <testcase classname="runner.TestRunner" name="runScenario" time="1.594">
    <failure message="expected [Username already exists] but found [password_mismatch:The two password fields didn’t match.]" type="java.lang.AssertionError">
      <![CDATA[java.lang.AssertionError: expected [Username already exists] but found [password_mismatch:The two password fields didn’t match.]
at org.testng.Assert.fail(Assert.java:111)
at org.testng.Assert.failNotEquals(Assert.java:1578)
at org.testng.Assert.assertEqualsImpl(Assert.java:150)
at org.testng.Assert.assertEquals(Assert.java:132)
at org.testng.Assert.assertEquals(Assert.java:656)
at org.testng.Assert.assertEquals(Assert.java:666)
at stepDefinitions.RegisterPageSD.it_should_display_an_error_message(RegisterPageSD.java:92)
at ✽.It should display an error message "Username already exists"(file:///C:/Users/14793/eclipse-workspace/DSAlgosample/DSAlgo/src/test/resources/features/2_RegisterPage.feature:48)
]]>
    </failure>
  </testcase> <!-- runScenario -->
  <testcase classname="runner.TestRunner" name="runScenario" time="1.273"/>
  <testcase classname="runner.TestRunner" name="runScenario" time="0.405"/>
  <testcase classname="runner.TestRunner" name="runScenario" time="0.913"/>
  <testcase classname="runner.TestRunner" name="runScenario" time="0.979"/>
  <testcase classname="runner.TestRunner" name="runScenario" time="0.920"/>
  <testcase classname="runner.TestRunner" name="runScenario" time="0.707"/>
  <testcase classname="runner.TestRunner" name="runScenario" time="0.849"/>
  <testcase classname="runner.TestRunner" name="runScenario" time="0.972"/>
  <testcase classname="runner.TestRunner" name="runScenario" time="0.100"/>
  <testcase classname="runner.TestRunner" name="runScenario" time="0.124"/>
  <testcase classname="runner.TestRunner" name="runScenario" time="1.086"/>
  <testcase classname="runner.TestRunner" name="runScenario" time="0.474"/>
  <testcase classname="runner.TestRunner" name="runScenario" time="1.270"/>
  <testcase classname="runner.TestRunner" name="runScenario" time="1.141"/>
  <testcase classname="runner.TestRunner" name="runScenario" time="0.881"/>
  <testcase classname="runner.TestRunner" name="runScenario" time="0.898"/>
  <testcase classname="runner.TestRunner" name="runScenario" time="0.410"/>
  <testcase classname="runner.TestRunner" name="runScenario" time="1.414">
    <failure message="expected [Password can’t be commonly used password] but found [password_mismatch:The two password fields didn’t match.]" type="java.lang.AssertionError">
      <![CDATA[java.lang.AssertionError: expected [Password can’t be commonly used password] but found [password_mismatch:The two password fields didn’t match.]
at org.testng.Assert.fail(Assert.java:111)
at org.testng.Assert.failNotEquals(Assert.java:1578)
at org.testng.Assert.assertEqualsImpl(Assert.java:150)
at org.testng.Assert.assertEquals(Assert.java:132)
at org.testng.Assert.assertEquals(Assert.java:656)
at org.testng.Assert.assertEquals(Assert.java:666)
at stepDefinitions.RegisterPageSD.it_should_display_an_error_message(RegisterPageSD.java:92)
at ✽.It should display an error message "Password can’t be commonly used password"(file:///C:/Users/14793/eclipse-workspace/DSAlgosample/DSAlgo/src/test/resources/features/2_RegisterPage.feature:89)
]]>
    </failure>
  </testcase> <!-- runScenario -->
  <testcase classname="runner.TestRunner" name="runScenario" time="1.794"/>
  <testcase classname="runner.TestRunner" name="runScenario" time="0.763"/>
  <testcase classname="runner.TestRunner" name="runScenario" time="0.664"/>
  <testcase classname="runner.TestRunner" name="runScenario" time="0.879"/>
  <testcase classname="runner.TestRunner" name="runScenario" time="0.424"/>
  <testcase classname="runner.TestRunner" name="runScenario" time="5.396"/>
  <testcase classname="runner.TestRunner" name="runScenario" time="0.623"/>
  <testcase classname="runner.TestRunner" name="runScenario" time="0.622"/>
  <testcase classname="runner.TestRunner" name="runScenario" time="1.799">
    <failure message="Result do not match expected [Submission Successful] but found [Error occurred during submission]" type="java.lang.AssertionError">
      <![CDATA[java.lang.AssertionError: Result do not match expected [Submission Successful] but found [Error occurred during submission]
at org.testng.Assert.fail(Assert.java:111)
at org.testng.Assert.failNotEquals(Assert.java:1578)
at org.testng.Assert.assertEqualsImpl(Assert.java:150)
at org.testng.Assert.assertEquals(Assert.java:132)
at org.testng.Assert.assertEquals(Assert.java:656)
at stepDefinitions.ArraySD.the_user_should_be_presented_with_successful_submission_message(ArraySD.java:167)
at ✽.The user should be presented with successful submission message(file:///C:/Users/14793/eclipse-workspace/DSAlgosample/DSAlgo/src/test/resources/features/5_Array.feature:310)
]]>
    </failure>
  </testcase> <!-- runScenario -->
  <testcase classname="runner.TestRunner" name="runScenario" time="0.454"/>
  <testcase classname="runner.TestRunner" name="runScenario" time="0.799"/>
  <testcase classname="runner.TestRunner" name="runScenario" time="1.587"/>
  <testcase classname="runner.TestRunner" name="runScenario" time="0.102"/>
  <testcase classname="runner.TestRunner" name="runScenario" time="0.713"/>
  <testcase classname="runner.TestRunner" name="runScenario" time="0.692"/>
  <testcase classname="runner.TestRunner" name="runScenario" time="0.443"/>
  <testcase classname="runner.TestRunner" name="runScenario" time="0.401"/>
  <testcase classname="runner.TestRunner" name="runScenario" time="1.026"/>
  <testcase classname="runner.TestRunner" name="runScenario" time="1.326"/>
  <testcase classname="runner.TestRunner" name="runScenario" time="1.375"/>
  <testcase classname="runner.TestRunner" name="runScenario" time="0.980"/>
  <testcase classname="runner.TestRunner" name="runScenario" time="0.958"/>
  <testcase classname="runner.TestRunner" name="runScenario" time="1.273"/>
  <testcase classname="runner.TestRunner" name="runScenario" time="1.519"/>
  <testcase classname="runner.TestRunner" name="runScenario" time="1.130"/>
  <testcase classname="runner.TestRunner" name="runScenario" time="1.201"/>
  <testcase classname="runner.TestRunner" name="runScenario" time="2.313">
    <failure message="Result do not match expected [Submission Successful] but found [Error occurred during submission]" type="java.lang.AssertionError">
      <![CDATA[java.lang.AssertionError: Result do not match expected [Submission Successful] but found [Error occurred during submission]
at org.testng.Assert.fail(Assert.java:111)
at org.testng.Assert.failNotEquals(Assert.java:1578)
at org.testng.Assert.assertEqualsImpl(Assert.java:150)
at org.testng.Assert.assertEquals(Assert.java:132)
at org.testng.Assert.assertEquals(Assert.java:656)
at stepDefinitions.ArraySD.the_user_should_be_presented_with_successful_submission_message(ArraySD.java:167)
at ✽.The user should be presented with successful submission message(file:///C:/Users/14793/eclipse-workspace/DSAlgosample/DSAlgo/src/test/resources/features/5_Array.feature:265)
]]>
    </failure>
  </testcase> <!-- runScenario -->
  <testcase classname="runner.TestRunner" name="runScenario" time="1.005"/>
  <testcase classname="runner.TestRunner" name="runScenario" time="0.999"/>
  <testcase classname="runner.TestRunner" name="runScenario" time="1.215">
    <failure message="expected [Invalid Password] but found [Invalid Username and Password]" type="java.lang.AssertionError">
      <![CDATA[java.lang.AssertionError: expected [Invalid Password] but found [Invalid Username and Password]
at org.testng.Assert.fail(Assert.java:111)
at org.testng.Assert.failNotEquals(Assert.java:1578)
at org.testng.Assert.assertEqualsImpl(Assert.java:150)
at org.testng.Assert.assertEquals(Assert.java:132)
at org.testng.Assert.assertEquals(Assert.java:656)
at org.testng.Assert.assertEquals(Assert.java:666)
at stepDefinitions.SigninPageSD.click_login_button(SigninPageSD.java:125)
at ✽.click login button(file:///C:/Users/14793/eclipse-workspace/DSAlgosample/DSAlgo/src/test/resources/features/3_SigninPage.feature:37)
]]>
    </failure>
  </testcase> <!-- runScenario -->
  <testcase classname="runner.TestRunner" name="runScenario" time="0.590"/>
  <testcase classname="runner.TestRunner" name="runScenario" time="0.811"/>
  <testcase classname="runner.TestRunner" name="runScenario" time="0.069"/>
  <testcase classname="runner.TestRunner" name="runScenario" time="0.368"/>
  <testcase classname="runner.TestRunner" name="runScenario" time="0.921"/>
  <testcase classname="runner.TestRunner" name="runScenario" time="1.178"/>
  <testcase classname="runner.TestRunner" name="runScenario" time="0.788"/>
  <testcase classname="runner.TestRunner" name="runScenario" time="0.537"/>
  <testcase classname="runner.TestRunner" name="runScenario" time="0.863"/>
  <testcase classname="runner.TestRunner" name="runScenario" time="0.760"/>
  <testcase classname="runner.TestRunner" name="runScenario" time="0.085"/>
  <testcase classname="runner.TestRunner" name="runScenario" time="1.128"/>
  <testcase classname="runner.TestRunner" name="runScenario" time="0.787"/>
  <testcase classname="runner.TestRunner" name="runScenario" time="0.884"/>
  <testcase classname="runner.TestRunner" name="runScenario" time="0.114"/>
  <testcase classname="runner.TestRunner" name="runScenario" time="0.978"/>
  <testcase classname="runner.TestRunner" name="runScenario" time="0.662"/>
  <testcase classname="runner.TestRunner" name="runScenario" time="0.815"/>
  <testcase classname="runner.TestRunner" name="runScenario" time="0.097"/>
  <testcase classname="runner.TestRunner" name="runScenario" time="0.838"/>
  <testcase classname="runner.TestRunner" name="runScenario" time="0.907"/>
  <testcase classname="runner.TestRunner" name="runScenario" time="1.088"/>
  <testcase classname="runner.TestRunner" name="runScenario" time="0.801"/>
  <testcase classname="runner.TestRunner" name="runScenario" time="0.377"/>
  <testcase classname="runner.TestRunner" name="runScenario" time="0.919"/>
  <testcase classname="runner.TestRunner" name="runScenario" time="0.902"/>
  <testcase classname="runner.TestRunner" name="runScenario" time="1.171"/>
  <testcase classname="runner.TestRunner" name="runScenario" time="0.350"/>
  <testcase classname="runner.TestRunner" name="runScenario" time="0.381"/>
  <testcase classname="runner.TestRunner" name="runScenario" time="0.858"/>
  <testcase classname="runner.TestRunner" name="runScenario" time="0.438"/>
  <testcase classname="runner.TestRunner" name="runScenario" time="0.101"/>
  <testcase classname="runner.TestRunner" name="runScenario" time="0.686"/>
  <testcase classname="runner.TestRunner" name="runScenario" time="0.604"/>
  <testcase classname="runner.TestRunner" name="runScenario" time="0.772"/>
  <testcase classname="runner.TestRunner" name="runScenario" time="0.747"/>
  <testcase classname="runner.TestRunner" name="runScenario" time="0.779"/>
  <testcase classname="runner.TestRunner" name="runScenario" time="0.735"/>
  <testcase classname="runner.TestRunner" name="runScenario" time="0.101"/>
  <testcase classname="runner.TestRunner" name="runScenario" time="0.654"/>
  <testcase classname="runner.TestRunner" name="runScenario" time="0.876"/>
  <testcase classname="runner.TestRunner" name="runScenario" time="0.811"/>
  <testcase classname="runner.TestRunner" name="runScenario" time="0.682"/>
  <testcase classname="runner.TestRunner" name="runScenario" time="1.298"/>
  <testcase classname="runner.TestRunner" name="runScenario" time="0.582"/>
  <testcase classname="runner.TestRunner" name="runScenario" time="0.088"/>
  <testcase classname="runner.TestRunner" name="runScenario" time="0.870"/>
  <testcase classname="runner.TestRunner" name="runScenario" time="1.581">
    <failure message="expected [password can’t be too similar to your other personal information.] but found [password_mismatch:The two password fields didn’t match.]" type="java.lang.AssertionError">
      <![CDATA[java.lang.AssertionError: expected [password can’t be too similar to your other personal information.] but found [password_mismatch:The two password fields didn’t match.]
at org.testng.Assert.fail(Assert.java:111)
at org.testng.Assert.failNotEquals(Assert.java:1578)
at org.testng.Assert.assertEqualsImpl(Assert.java:150)
at org.testng.Assert.assertEquals(Assert.java:132)
at org.testng.Assert.assertEquals(Assert.java:656)
at org.testng.Assert.assertEquals(Assert.java:666)
at stepDefinitions.RegisterPageSD.it_should_display_an_error_message(RegisterPageSD.java:92)
at ✽.It should display an error message "password can’t be too similar to your other personal information."(file:///C:/Users/14793/eclipse-workspace/DSAlgosample/DSAlgo/src/test/resources/features/2_RegisterPage.feature:80)
]]>
    </failure>
  </testcase> <!-- runScenario -->
  <testcase classname="runner.TestRunner" name="runScenario" time="0.862"/>
  <testcase classname="runner.TestRunner" name="runScenario" time="0.082"/>
  <testcase classname="runner.TestRunner" name="runScenario" time="0.923"/>
  <testcase classname="runner.TestRunner" name="runScenario" time="0.983"/>
  <testcase classname="runner.TestRunner" name="runScenario" time="0.501"/>
  <testcase classname="runner.TestRunner" name="runScenario" time="1.331"/>
  <testcase classname="runner.TestRunner" name="runScenario" time="1.338"/>
  <testcase classname="runner.TestRunner" name="runScenario" time="0.753"/>
  <testcase classname="runner.TestRunner" name="runScenario" time="0.980"/>
  <testcase classname="runner.TestRunner" name="runScenario" time="1.184"/>
  <testcase classname="runner.TestRunner" name="runScenario" time="0.813"/>
  <testcase classname="runner.TestRunner" name="runScenario" time="0.973"/>
  <testcase classname="runner.TestRunner" name="runScenario" time="0.751"/>
  <testcase classname="runner.TestRunner" name="runScenario" time="0.863"/>
  <testcase classname="runner.TestRunner" name="runScenario" time="0.091"/>
  <testcase classname="runner.TestRunner" name="runScenario" time="0.852"/>
  <testcase classname="runner.TestRunner" name="runScenario" time="0.738"/>
  <testcase classname="runner.TestRunner" name="runScenario" time="0.948"/>
  <testcase classname="runner.TestRunner" name="runScenario" time="0.624"/>
  <testcase classname="runner.TestRunner" name="runScenario" time="2.426">
    <failure message="Result do not match expected [Submission Successful] but found [Error occurred during submission]" type="java.lang.AssertionError">
      <![CDATA[java.lang.AssertionError: Result do not match expected [Submission Successful] but found [Error occurred during submission]
at org.testng.Assert.fail(Assert.java:111)
at org.testng.Assert.failNotEquals(Assert.java:1578)
at org.testng.Assert.assertEqualsImpl(Assert.java:150)
at org.testng.Assert.assertEquals(Assert.java:132)
at org.testng.Assert.assertEquals(Assert.java:656)
at stepDefinitions.ArraySD.the_user_should_be_presented_with_successful_submission_message(ArraySD.java:167)
at ✽.The user should be presented with successful submission message(file:///C:/Users/14793/eclipse-workspace/DSAlgosample/DSAlgo/src/test/resources/features/5_Array.feature:219)
]]>
    </failure>
  </testcase> <!-- runScenario -->
  <testcase classname="runner.TestRunner" name="runScenario" time="0.903"/>
  <testcase classname="runner.TestRunner" name="runScenario" time="0.713"/>
  <testcase classname="runner.TestRunner" name="runScenario" time="1.028"/>
  <testcase classname="runner.TestRunner" name="runScenario" time="0.482"/>
  <testcase classname="runner.TestRunner" name="runScenario" time="0.187"/>
  <testcase classname="runner.TestRunner" name="runScenario" time="0.095"/>
  <testcase classname="runner.TestRunner" name="runScenario" time="0.468"/>
  <testcase classname="runner.TestRunner" name="runScenario" time="1.096"/>
  <testcase classname="runner.TestRunner" name="runScenario" time="1.417">
    <failure message="expected [Password can’t be entirely numeric.] but found [password_mismatch:The two password fields didn’t match.]" type="java.lang.AssertionError">
      <![CDATA[java.lang.AssertionError: expected [Password can’t be entirely numeric.] but found [password_mismatch:The two password fields didn’t match.]
at org.testng.Assert.fail(Assert.java:111)
at org.testng.Assert.failNotEquals(Assert.java:1578)
at org.testng.Assert.assertEqualsImpl(Assert.java:150)
at org.testng.Assert.assertEquals(Assert.java:132)
at org.testng.Assert.assertEquals(Assert.java:656)
at org.testng.Assert.assertEquals(Assert.java:666)
at stepDefinitions.RegisterPageSD.it_should_display_an_error_message(RegisterPageSD.java:92)
at ✽.It should display an error message "Password can’t be entirely numeric."(file:///C:/Users/14793/eclipse-workspace/DSAlgosample/DSAlgo/src/test/resources/features/2_RegisterPage.feature:72)
]]>
    </failure>
  </testcase> <!-- runScenario -->
  <testcase classname="runner.TestRunner" name="runScenario" time="0.632"/>
  <testcase classname="runner.TestRunner" name="runScenario" time="1.081"/>
  <testcase classname="runner.TestRunner" name="runScenario" time="0.536"/>
  <testcase classname="runner.TestRunner" name="runScenario" time="0.711"/>
  <testcase classname="runner.TestRunner" name="runScenario" time="0.361"/>
  <testcase classname="runner.TestRunner" name="runScenario" time="1.241"/>
  <testcase classname="runner.TestRunner" name="runScenario" time="0.548"/>
  <testcase classname="runner.TestRunner" name="runScenario" time="0.090"/>
  <testcase classname="runner.TestRunner" name="runScenario" time="0.632"/>
  <testcase classname="runner.TestRunner" name="runScenario" time="0.201">
    <error message="no such element: Unable to locate element: {&quot;method&quot;:&quot;xpath&quot;,&quot;selector&quot;:&quot;//a[@href=&#039;/logout&#039;]&quot;}
  (Session info: chrome=115.0.5790.171)
For documentation on this error, please visit: https://www.selenium.dev/documentation/webdriver/troubleshooting/errors#no-such-element-exception
Build info: version: &#039;4.10.0&#039;, revision: &#039;c14d967899&#039;
System info: os.name: &#039;Windows 11&#039;, os.arch: &#039;amd64&#039;, os.version: &#039;10.0&#039;, java.version: &#039;20.0.1&#039;
Driver info: org.openqa.selenium.chrome.ChromeDriver
Command: [a0760aacfad24dfaa24ebff8344ee8bd, findElement {using=xpath, value=//a[@href=&#039;/logout&#039;]}]
Capabilities {acceptInsecureCerts: false, browserName: chrome, browserVersion: 115.0.5790.171, chrome: {chromedriverVersion: 114.0.5735.90 (386bc09e8f4f..., userDataDir: C:\Users\14793\AppData\Loca...}, goog:chromeOptions: {debuggerAddress: localhost:54307}, networkConnectionEnabled: false, pageLoadStrategy: normal, platformName: windows, proxy: Proxy(), se:cdp: ws://localhost:54307/devtoo..., se:cdpVersion: 115.0.5790.171, setWindowRect: true, strictFileInteractability: false, timeouts: {implicit: 0, pageLoad: 300000, script: 30000}, unhandledPromptBehavior: dismiss and notify, webauthn:extension:credBlob: true, webauthn:extension:largeBlob: true, webauthn:extension:minPinLength: true, webauthn:extension:prf: true, webauthn:virtualAuthenticators: true}
Session ID: a0760aacfad24dfaa24ebff8344ee8bd" type="org.openqa.selenium.NoSuchElementException">
      <![CDATA[org.openqa.selenium.NoSuchElementException: no such element: Unable to locate element: {"method":"xpath","selector":"//a[@href='/logout']"}
  (Session info: chrome=115.0.5790.171)
For documentation on this error, please visit: https://www.selenium.dev/documentation/webdriver/troubleshooting/errors#no-such-element-exception
Build info: version: '4.10.0', revision: 'c14d967899'
System info: os.name: 'Windows 11', os.arch: 'amd64', os.version: '10.0', java.version: '20.0.1'
Driver info: org.openqa.selenium.chrome.ChromeDriver
Command: [a0760aacfad24dfaa24ebff8344ee8bd, findElement {using=xpath, value=//a[@href='/logout']}]
Capabilities {acceptInsecureCerts: false, browserName: chrome, browserVersion: 115.0.5790.171, chrome: {chromedriverVersion: 114.0.5735.90 (386bc09e8f4f..., userDataDir: C:\Users\14793\AppData\Loca...}, goog:chromeOptions: {debuggerAddress: localhost:54307}, networkConnectionEnabled: false, pageLoadStrategy: normal, platformName: windows, proxy: Proxy(), se:cdp: ws://localhost:54307/devtoo..., se:cdpVersion: 115.0.5790.171, setWindowRect: true, strictFileInteractability: false, timeouts: {implicit: 0, pageLoad: 300000, script: 30000}, unhandledPromptBehavior: dismiss and notify, webauthn:extension:credBlob: true, webauthn:extension:largeBlob: true, webauthn:extension:minPinLength: true, webauthn:extension:prf: true, webauthn:virtualAuthenticators: true}
Session ID: a0760aacfad24dfaa24ebff8344ee8bd
at java.base/jdk.internal.reflect.DirectConstructorHandleAccessor.newInstance(DirectConstructorHandleAccessor.java:67)
at java.base/java.lang.reflect.Constructor.newInstanceWithCaller(Constructor.java:500)
at java.base/java.lang.reflect.Constructor.newInstance(Constructor.java:484)
at org.openqa.selenium.remote.codec.w3c.W3CHttpResponseCodec.createException(W3CHttpResponseCodec.java:199)
at org.openqa.selenium.remote.codec.w3c.W3CHttpResponseCodec.decode(W3CHttpResponseCodec.java:132)
at org.openqa.selenium.remote.codec.w3c.W3CHttpResponseCodec.decode(W3CHttpResponseCodec.java:51)
at org.openqa.selenium.remote.HttpCommandExecutor.execute(HttpCommandExecutor.java:191)
at org.openqa.selenium.remote.service.DriverCommandExecutor.invokeExecute(DriverCommandExecutor.java:196)
at org.openqa.selenium.remote.service.DriverCommandExecutor.execute(DriverCommandExecutor.java:171)
at org.openqa.selenium.remote.RemoteWebDriver.execute(RemoteWebDriver.java:531)
at org.openqa.selenium.remote.ElementLocation$ElementFinder$2.findElement(ElementLocation.java:165)
at org.openqa.selenium.remote.ElementLocation.findElement(ElementLocation.java:59)
at org.openqa.selenium.remote.RemoteWebDriver.findElement(RemoteWebDriver.java:350)
at org.openqa.selenium.remote.RemoteWebDriver.findElement(RemoteWebDriver.java:344)
at org.openqa.selenium.support.pagefactory.DefaultElementLocator.findElement(DefaultElementLocator.java:68)
at org.openqa.selenium.support.pagefactory.internal.LocatingElementHandler.invoke(LocatingElementHandler.java:38)
at jdk.proxy2/jdk.proxy2.$Proxy60.click(Unknown Source)
at pageObjects.RegisterPage.clickSignOutLink(RegisterPage.java:182)
at stepDefinitions.RegisterPageSD.the_user_clicks_the_link(RegisterPageSD.java:226)
at ✽.The user clicks the "Sign Out" link(file:///C:/Users/14793/eclipse-workspace/DSAlgosample/DSAlgo/src/test/resources/features/2_RegisterPage.feature:104)
]]>
    </error>
  </testcase> <!-- runScenario -->
  <testcase classname="runner.TestRunner" name="runScenario" time="0.939"/>
  <testcase classname="runner.TestRunner" name="runScenario" time="1.413"/>
  <testcase classname="runner.TestRunner" name="runScenario" time="0.976"/>
  <testcase classname="runner.TestRunner" name="runScenario" time="1.532"/>
  <testcase classname="runner.TestRunner" name="runScenario" time="0.080"/>
  <testcase classname="runner.TestRunner" name="runScenario" time="0.092"/>
  <testcase classname="runner.TestRunner" name="runScenario" time="1.448"/>
  <testcase classname="runner.TestRunner" name="runScenario" time="0.103"/>
  <testcase classname="runner.TestRunner" name="runScenario" time="0.917"/>
  <testcase classname="runner.TestRunner" name="runScenario" time="0.803"/>
  <testcase classname="runner.TestRunner" name="runScenario" time="0.769"/>
  <testcase classname="runner.TestRunner" name="runScenario" time="1.049"/>
  <testcase classname="runner.TestRunner" name="runScenario" time="0.543"/>
  <testcase classname="runner.TestRunner" name="runScenario" time="1.283"/>
  <testcase classname="runner.TestRunner" name="runScenario" time="0.628"/>
  <testcase classname="runner.TestRunner" name="runScenario" time="1.184"/>
  <testcase classname="runner.TestRunner" name="runScenario" time="3.465">
    <failure message="expected [Invalid Username] but found [Invalid Username and Password]" type="java.lang.AssertionError">
      <![CDATA[java.lang.AssertionError: expected [Invalid Username] but found [Invalid Username and Password]
at org.testng.Assert.fail(Assert.java:111)
at org.testng.Assert.failNotEquals(Assert.java:1578)
at org.testng.Assert.assertEqualsImpl(Assert.java:150)
at org.testng.Assert.assertEquals(Assert.java:132)
at org.testng.Assert.assertEquals(Assert.java:656)
at org.testng.Assert.assertEquals(Assert.java:666)
at stepDefinitions.SigninPageSD.click_login_button(SigninPageSD.java:125)
at ✽.click login button(file:///C:/Users/14793/eclipse-workspace/DSAlgosample/DSAlgo/src/test/resources/features/3_SigninPage.feature:37)
]]>
    </failure>
  </testcase> <!-- runScenario -->
  <testcase classname="runner.TestRunner" name="runScenario" time="0.881"/>
  <testcase classname="runner.TestRunner" name="runScenario" time="1.334"/>
  <testcase classname="runner.TestRunner" name="runScenario" time="0.988"/>
  <testcase classname="runner.TestRunner" name="runScenario" time="0.404"/>
  <testcase classname="runner.TestRunner" name="runScenario" time="0.649"/>
  <testcase classname="runner.TestRunner" name="runScenario" time="0.946"/>
  <testcase classname="runner.TestRunner" name="runScenario" time="0.986"/>
  <testcase classname="runner.TestRunner" name="runScenario" time="1.371">
    <failure message="expected [Please enter a valid username] but found [password_mismatch:The two password fields didn’t match.]" type="java.lang.AssertionError">
      <![CDATA[java.lang.AssertionError: expected [Please enter a valid username] but found [password_mismatch:The two password fields didn’t match.]
at org.testng.Assert.fail(Assert.java:111)
at org.testng.Assert.failNotEquals(Assert.java:1578)
at org.testng.Assert.assertEqualsImpl(Assert.java:150)
at org.testng.Assert.assertEquals(Assert.java:132)
at org.testng.Assert.assertEquals(Assert.java:656)
at org.testng.Assert.assertEquals(Assert.java:666)
at stepDefinitions.RegisterPageSD.it_should_display_an_error_message(RegisterPageSD.java:92)
at ✽.It should display an error message "Please enter a valid username"(file:///C:/Users/14793/eclipse-workspace/DSAlgosample/DSAlgo/src/test/resources/features/2_RegisterPage.feature:40)
]]>
    </failure>
  </testcase> <!-- runScenario -->
  <testcase classname="runner.TestRunner" name="runScenario" time="0.937"/>
  <testcase classname="runner.TestRunner" name="runScenario" time="0.753"/>
  <testcase classname="runner.TestRunner" name="runScenario" time="0.999"/>
  <testcase classname="runner.TestRunner" name="runScenario" time="1.110"/>
  <testcase classname="runner.TestRunner" name="runScenario" time="0.981"/>
  <testcase classname="runner.TestRunner" name="runScenario" time="0.979"/>
  <testcase classname="runner.TestRunner" name="runScenario" time="1.168"/>
  <testcase classname="runner.TestRunner" name="runScenario" time="1.919"/>
  <testcase classname="runner.TestRunner" name="runScenario" time="0.639"/>
  <testcase classname="runner.TestRunner" name="runScenario" time="2.298">
    <failure message="Result do not match expected [Submission Successful] but found [ No tests were collected]" type="java.lang.AssertionError">
      <![CDATA[java.lang.AssertionError: Result do not match expected [Submission Successful] but found [ No tests were collected]
at org.testng.Assert.fail(Assert.java:111)
at org.testng.Assert.failNotEquals(Assert.java:1578)
at org.testng.Assert.assertEqualsImpl(Assert.java:150)
at org.testng.Assert.assertEquals(Assert.java:132)
at org.testng.Assert.assertEquals(Assert.java:656)
at stepDefinitions.ArraySD.the_user_should_be_presented_with_successful_submission_message(ArraySD.java:167)
at ✽.The user should be presented with successful submission message(file:///C:/Users/14793/eclipse-workspace/DSAlgosample/DSAlgo/src/test/resources/features/5_Array.feature:357)
]]>
    </failure>
  </testcase> <!-- runScenario -->
  <testcase classname="runner.TestRunner" name="runScenario" time="0.097"/>
  <testcase classname="runner.TestRunner" name="runScenario" time="1.083"/>
  <testcase classname="runner.TestRunner" name="runScenario" time="0.848"/>
  <testcase classname="runner.TestRunner" name="runScenario" time="0.330"/>
  <testcase classname="runner.TestRunner" name="runScenario" time="1.121"/>
  <testcase classname="runner.TestRunner" name="runScenario" time="0.914"/>
  <testcase classname="runner.TestRunner" name="runScenario" time="0.719"/>
  <testcase classname="runner.TestRunner" name="runScenario" time="0.764"/>
  <testcase classname="runner.TestRunner" name="runScenario" time="1.098"/>
  <testcase classname="runner.TestRunner" name="runScenario" time="0.416"/>
  <testcase classname="runner.TestRunner" name="runScenario" time="0.941"/>
  <testcase classname="runner.TestRunner" name="runScenario" time="0.800"/>
  <testcase classname="runner.TestRunner" name="runScenario" time="0.837"/>
  <testcase classname="runner.TestRunner" name="runScenario" time="2.000">
    <failure message="Title do not match expected [NumpyNinja] but found [ProgrammingError at /register]" type="java.lang.AssertionError">
      <![CDATA[java.lang.AssertionError: Title do not match expected [NumpyNinja] but found [ProgrammingError at /register]
at org.testng.Assert.fail(Assert.java:111)
at org.testng.Assert.failNotEquals(Assert.java:1578)
at org.testng.Assert.assertEqualsImpl(Assert.java:150)
at org.testng.Assert.assertEquals(Assert.java:132)
at org.testng.Assert.assertEquals(Assert.java:656)
at stepDefinitions.RegisterPageSD.the_user_should_be_redirected_to_homepage_with_the_message(RegisterPageSD.java:214)
at ✽.The user should be redirected to Homepage with the message "New Account Created. You are logged in as Numpy@sdet117_166"(file:///C:/Users/14793/eclipse-workspace/DSAlgosample/DSAlgo/src/test/resources/features/2_RegisterPage.feature:98)
]]>
    </failure>
  </testcase> <!-- runScenario -->
  <testcase classname="runner.TestRunner" name="runScenario" time="1.174"/>
  <testcase classname="runner.TestRunner" name="runScenario" time="0.600"/>
  <testcase classname="runner.TestRunner" name="runScenario" time="0.818"/>
  <testcase classname="runner.TestRunner" name="runScenario" time="0.091"/>
  <testcase classname="runner.TestRunner" name="runScenario" time="0.837"/>
  <testcase classname="runner.TestRunner" name="runScenario" time="1.190"/>
  <testcase classname="runner.TestRunner" name="runScenario" time="0.617"/>
  <testcase classname="runner.TestRunner" name="runScenario" time="0.692"/>
  <testcase classname="runner.TestRunner" name="runScenario" time="1.271"/>
  <testcase classname="runner.TestRunner" name="runScenario" time="0.147"/>
  <testcase classname="runner.TestRunner" name="runScenario" time="0.566"/>
  <testcase classname="runner.TestRunner" name="runScenario" time="1.069"/>
  <testcase classname="runner.TestRunner" name="runScenario" time="1.011"/>
  <testcase classname="runner.TestRunner" name="runScenario" time="0.751"/>
  <testcase classname="runner.TestRunner" name="runScenario" time="1.424"/>
</testsuite> <!-- runner.TestRunner -->
