<?xml version="1.0" encoding="UTF-8"?>
<!-- Generated by org.testng.reporters.JUnitReportReporter -->
<testsuite hostname="LAPTOP-4P9SU403" failures="13" tests="235" name="runner.TestRunner" time="218.269" errors="1" timestamp="2023-08-16T09:14:50 CDT" skipped="0">
  <testcase classname="runner.TestRunner" name="runScenario" time="2.037"/>
  <testcase classname="runner.TestRunner" name="runScenario" time="0.767"/>
  <testcase classname="runner.TestRunner" name="runScenario" time="1.090"/>
  <testcase classname="runner.TestRunner" name="runScenario" time="0.772"/>
  <testcase classname="runner.TestRunner" name="runScenario" time="1.288"/>
  <testcase classname="runner.TestRunner" name="runScenario" time="1.495"/>
  <testcase classname="runner.TestRunner" name="runScenario" time="0.700"/>
  <testcase classname="runner.TestRunner" name="runScenario" time="0.128"/>
  <testcase classname="runner.TestRunner" name="runScenario" time="0.201"/>
  <testcase classname="runner.TestRunner" name="runScenario" time="0.532"/>
  <testcase classname="runner.TestRunner" name="runScenario" time="0.195"/>
  <testcase classname="runner.TestRunner" name="runScenario" time="1.203"/>
  <testcase classname="runner.TestRunner" name="runScenario" time="0.595"/>
  <testcase classname="runner.TestRunner" name="runScenario" time="1.145"/>
  <testcase classname="runner.TestRunner" name="runScenario" time="1.052"/>
  <testcase classname="runner.TestRunner" name="runScenario" time="1.163"/>
  <testcase classname="runner.TestRunner" name="runScenario" time="1.592">
    <failure message="expected [Username already exists] but found [password_mismatch:The two password fields didn’t match.]" type="java.lang.AssertionError">
      <![CDATA[java.lang.AssertionError: expected [Username already exists] but found [password_mismatch:The two password fields didn’t match.]
at org.testng.Assert.fail(Assert.java:111)
at org.testng.Assert.failNotEquals(Assert.java:1578)
at org.testng.Assert.assertEqualsImpl(Assert.java:150)
at org.testng.Assert.assertEquals(Assert.java:132)
at org.testng.Assert.assertEquals(Assert.java:656)
at org.testng.Assert.assertEquals(Assert.java:666)
at stepDefinitions.RegisterPageSD.it_should_display_an_error_message(RegisterPageSD.java:92)
at ✽.It should display an error message "Username already exists"(file:///C:/Users/14793/eclipse-workspace/DSAlgosample/DSAlgo/src/test/resources/features/2_RegisterPage.feature:48)
]]>
    </failure>
  </testcase> <!-- runScenario -->
  <testcase classname="runner.TestRunner" name="runScenario" time="0.826"/>
  <testcase classname="runner.TestRunner" name="runScenario" time="0.502"/>
  <testcase classname="runner.TestRunner" name="runScenario" time="0.530"/>
  <testcase classname="runner.TestRunner" name="runScenario" time="0.941"/>
  <testcase classname="runner.TestRunner" name="runScenario" time="0.910"/>
  <testcase classname="runner.TestRunner" name="runScenario" time="1.378"/>
  <testcase classname="runner.TestRunner" name="runScenario" time="1.069"/>
  <testcase classname="runner.TestRunner" name="runScenario" time="0.164"/>
  <testcase classname="runner.TestRunner" name="runScenario" time="0.682"/>
  <testcase classname="runner.TestRunner" name="runScenario" time="0.921"/>
  <testcase classname="runner.TestRunner" name="runScenario" time="1.101"/>
  <testcase classname="runner.TestRunner" name="runScenario" time="0.792"/>
  <testcase classname="runner.TestRunner" name="runScenario" time="0.415"/>
  <testcase classname="runner.TestRunner" name="runScenario" time="0.703"/>
  <testcase classname="runner.TestRunner" name="runScenario" time="0.906"/>
  <testcase classname="runner.TestRunner" name="runScenario" time="0.138"/>
  <testcase classname="runner.TestRunner" name="runScenario" time="0.752"/>
  <testcase classname="runner.TestRunner" name="runScenario" time="0.964"/>
  <testcase classname="runner.TestRunner" name="runScenario" time="1.011"/>
  <testcase classname="runner.TestRunner" name="runScenario" time="0.786"/>
  <testcase classname="runner.TestRunner" name="runScenario" time="1.558"/>
  <testcase classname="runner.TestRunner" name="runScenario" time="0.820"/>
  <testcase classname="runner.TestRunner" name="runScenario" time="0.230"/>
  <testcase classname="runner.TestRunner" name="runScenario" time="0.189"/>
  <testcase classname="runner.TestRunner" name="runScenario" time="0.599"/>
  <testcase classname="runner.TestRunner" name="runScenario" time="1.520"/>
  <testcase classname="runner.TestRunner" name="runScenario" time="0.490"/>
  <testcase classname="runner.TestRunner" name="runScenario" time="1.268"/>
  <testcase classname="runner.TestRunner" name="runScenario" time="0.939"/>
  <testcase classname="runner.TestRunner" name="runScenario" time="0.824"/>
  <testcase classname="runner.TestRunner" name="runScenario" time="1.313"/>
  <testcase classname="runner.TestRunner" name="runScenario" time="0.460"/>
  <testcase classname="runner.TestRunner" name="runScenario" time="0.943"/>
  <testcase classname="runner.TestRunner" name="runScenario" time="0.495"/>
  <testcase classname="runner.TestRunner" name="runScenario" time="0.964"/>
  <testcase classname="runner.TestRunner" name="runScenario" time="1.201"/>
  <testcase classname="runner.TestRunner" name="runScenario" time="0.813"/>
  <testcase classname="runner.TestRunner" name="runScenario" time="1.339"/>
  <testcase classname="runner.TestRunner" name="runScenario" time="0.520"/>
  <testcase classname="runner.TestRunner" name="runScenario" time="0.487"/>
  <testcase classname="runner.TestRunner" name="runScenario" time="0.468"/>
  <testcase classname="runner.TestRunner" name="runScenario" time="1.166"/>
  <testcase classname="runner.TestRunner" name="runScenario" time="0.714"/>
  <testcase classname="runner.TestRunner" name="runScenario" time="0.382">
    <error message="no such element: Unable to locate element: {&quot;method&quot;:&quot;xpath&quot;,&quot;selector&quot;:&quot;//a[@href=&#039;/logout&#039;]&quot;}
  (Session info: chrome=115.0.5790.171)
For documentation on this error, please visit: https://www.selenium.dev/documentation/webdriver/troubleshooting/errors#no-such-element-exception
Build info: version: &#039;4.10.0&#039;, revision: &#039;c14d967899&#039;
System info: os.name: &#039;Windows 11&#039;, os.arch: &#039;amd64&#039;, os.version: &#039;10.0&#039;, java.version: &#039;20.0.1&#039;
Driver info: org.openqa.selenium.chrome.ChromeDriver
Command: [c7af84c7e3a2deef228afb4ebed125bc, findElement {using=xpath, value=//a[@href=&#039;/logout&#039;]}]
Capabilities {acceptInsecureCerts: false, browserName: chrome, browserVersion: 115.0.5790.171, chrome: {chromedriverVersion: 114.0.5735.90 (386bc09e8f4f..., userDataDir: C:\Users\14793\AppData\Loca...}, goog:chromeOptions: {debuggerAddress: localhost:55155}, networkConnectionEnabled: false, pageLoadStrategy: normal, platformName: windows, proxy: Proxy(), se:cdp: ws://localhost:55155/devtoo..., se:cdpVersion: 115.0.5790.171, setWindowRect: true, strictFileInteractability: false, timeouts: {implicit: 0, pageLoad: 300000, script: 30000}, unhandledPromptBehavior: dismiss and notify, webauthn:extension:credBlob: true, webauthn:extension:largeBlob: true, webauthn:extension:minPinLength: true, webauthn:extension:prf: true, webauthn:virtualAuthenticators: true}
Session ID: c7af84c7e3a2deef228afb4ebed125bc" type="org.openqa.selenium.NoSuchElementException">
      <![CDATA[org.openqa.selenium.NoSuchElementException: no such element: Unable to locate element: {"method":"xpath","selector":"//a[@href='/logout']"}
  (Session info: chrome=115.0.5790.171)
For documentation on this error, please visit: https://www.selenium.dev/documentation/webdriver/troubleshooting/errors#no-such-element-exception
Build info: version: '4.10.0', revision: 'c14d967899'
System info: os.name: 'Windows 11', os.arch: 'amd64', os.version: '10.0', java.version: '20.0.1'
Driver info: org.openqa.selenium.chrome.ChromeDriver
Command: [c7af84c7e3a2deef228afb4ebed125bc, findElement {using=xpath, value=//a[@href='/logout']}]
Capabilities {acceptInsecureCerts: false, browserName: chrome, browserVersion: 115.0.5790.171, chrome: {chromedriverVersion: 114.0.5735.90 (386bc09e8f4f..., userDataDir: C:\Users\14793\AppData\Loca...}, goog:chromeOptions: {debuggerAddress: localhost:55155}, networkConnectionEnabled: false, pageLoadStrategy: normal, platformName: windows, proxy: Proxy(), se:cdp: ws://localhost:55155/devtoo..., se:cdpVersion: 115.0.5790.171, setWindowRect: true, strictFileInteractability: false, timeouts: {implicit: 0, pageLoad: 300000, script: 30000}, unhandledPromptBehavior: dismiss and notify, webauthn:extension:credBlob: true, webauthn:extension:largeBlob: true, webauthn:extension:minPinLength: true, webauthn:extension:prf: true, webauthn:virtualAuthenticators: true}
Session ID: c7af84c7e3a2deef228afb4ebed125bc
at java.base/jdk.internal.reflect.DirectConstructorHandleAccessor.newInstance(DirectConstructorHandleAccessor.java:67)
at java.base/java.lang.reflect.Constructor.newInstanceWithCaller(Constructor.java:500)
at java.base/java.lang.reflect.Constructor.newInstance(Constructor.java:484)
at org.openqa.selenium.remote.codec.w3c.W3CHttpResponseCodec.createException(W3CHttpResponseCodec.java:199)
at org.openqa.selenium.remote.codec.w3c.W3CHttpResponseCodec.decode(W3CHttpResponseCodec.java:132)
at org.openqa.selenium.remote.codec.w3c.W3CHttpResponseCodec.decode(W3CHttpResponseCodec.java:51)
at org.openqa.selenium.remote.HttpCommandExecutor.execute(HttpCommandExecutor.java:191)
at org.openqa.selenium.remote.service.DriverCommandExecutor.invokeExecute(DriverCommandExecutor.java:196)
at org.openqa.selenium.remote.service.DriverCommandExecutor.execute(DriverCommandExecutor.java:171)
at org.openqa.selenium.remote.RemoteWebDriver.execute(RemoteWebDriver.java:531)
at org.openqa.selenium.remote.ElementLocation$ElementFinder$2.findElement(ElementLocation.java:165)
at org.openqa.selenium.remote.ElementLocation.findElement(ElementLocation.java:59)
at org.openqa.selenium.remote.RemoteWebDriver.findElement(RemoteWebDriver.java:350)
at org.openqa.selenium.remote.RemoteWebDriver.findElement(RemoteWebDriver.java:344)
at org.openqa.selenium.support.pagefactory.DefaultElementLocator.findElement(DefaultElementLocator.java:68)
at org.openqa.selenium.support.pagefactory.internal.LocatingElementHandler.invoke(LocatingElementHandler.java:38)
at jdk.proxy2/jdk.proxy2.$Proxy46.click(Unknown Source)
at pageObjects.RegisterPage.clickSignOutLink(RegisterPage.java:182)
at stepDefinitions.RegisterPageSD.the_user_clicks_the_link(RegisterPageSD.java:226)
at ✽.The user clicks the "Sign Out" link(file:///C:/Users/14793/eclipse-workspace/DSAlgosample/DSAlgo/src/test/resources/features/2_RegisterPage.feature:104)
]]>
    </error>
  </testcase> <!-- runScenario -->
  <testcase classname="runner.TestRunner" name="runScenario" time="1.218"/>
  <testcase classname="runner.TestRunner" name="runScenario" time="0.154"/>
  <testcase classname="runner.TestRunner" name="runScenario" time="0.567"/>
  <testcase classname="runner.TestRunner" name="runScenario" time="0.619"/>
  <testcase classname="runner.TestRunner" name="runScenario" time="0.580"/>
  <testcase classname="runner.TestRunner" name="runScenario" time="0.551"/>
  <testcase classname="runner.TestRunner" name="runScenario" time="1.714">
    <failure message="expected [Invalid Password] but found [Invalid Username and Password]" type="java.lang.AssertionError">
      <![CDATA[java.lang.AssertionError: expected [Invalid Password] but found [Invalid Username and Password]
at org.testng.Assert.fail(Assert.java:111)
at org.testng.Assert.failNotEquals(Assert.java:1578)
at org.testng.Assert.assertEqualsImpl(Assert.java:150)
at org.testng.Assert.assertEquals(Assert.java:132)
at org.testng.Assert.assertEquals(Assert.java:656)
at org.testng.Assert.assertEquals(Assert.java:666)
at stepDefinitions.SigninPageSD.click_login_button(SigninPageSD.java:125)
at ✽.click login button(file:///C:/Users/14793/eclipse-workspace/DSAlgosample/DSAlgo/src/test/resources/features/3_SigninPage.feature:37)
]]>
    </failure>
  </testcase> <!-- runScenario -->
  <testcase classname="runner.TestRunner" name="runScenario" time="0.537"/>
  <testcase classname="runner.TestRunner" name="runScenario" time="1.129"/>
  <testcase classname="runner.TestRunner" name="runScenario" time="0.151"/>
  <testcase classname="runner.TestRunner" name="runScenario" time="0.153"/>
  <testcase classname="runner.TestRunner" name="runScenario" time="0.743"/>
  <testcase classname="runner.TestRunner" name="runScenario" time="0.492"/>
  <testcase classname="runner.TestRunner" name="runScenario" time="0.502"/>
  <testcase classname="runner.TestRunner" name="runScenario" time="1.487"/>
  <testcase classname="runner.TestRunner" name="runScenario" time="0.532"/>
  <testcase classname="runner.TestRunner" name="runScenario" time="0.947"/>
  <testcase classname="runner.TestRunner" name="runScenario" time="0.598"/>
  <testcase classname="runner.TestRunner" name="runScenario" time="0.976"/>
  <testcase classname="runner.TestRunner" name="runScenario" time="1.062"/>
  <testcase classname="runner.TestRunner" name="runScenario" time="0.192"/>
  <testcase classname="runner.TestRunner" name="runScenario" time="0.537"/>
  <testcase classname="runner.TestRunner" name="runScenario" time="0.874"/>
  <testcase classname="runner.TestRunner" name="runScenario" time="2.225">
    <failure message="Result do not match expected [Submission Successful] but found [Error occurred during submission]" type="java.lang.AssertionError">
      <![CDATA[java.lang.AssertionError: Result do not match expected [Submission Successful] but found [Error occurred during submission]
at org.testng.Assert.fail(Assert.java:111)
at org.testng.Assert.failNotEquals(Assert.java:1578)
at org.testng.Assert.assertEqualsImpl(Assert.java:150)
at org.testng.Assert.assertEquals(Assert.java:132)
at org.testng.Assert.assertEquals(Assert.java:656)
at stepDefinitions.ArraySD.the_user_should_be_presented_with_successful_submission_message(ArraySD.java:167)
at ✽.The user should be presented with successful submission message(file:///C:/Users/14793/eclipse-workspace/DSAlgosample/DSAlgo/src/test/resources/features/5_Array.feature:310)
]]>
    </failure>
  </testcase> <!-- runScenario -->
  <testcase classname="runner.TestRunner" name="runScenario" time="0.836"/>
  <testcase classname="runner.TestRunner" name="runScenario" time="0.139"/>
  <testcase classname="runner.TestRunner" name="runScenario" time="1.416"/>
  <testcase classname="runner.TestRunner" name="runScenario" time="0.847"/>
  <testcase classname="runner.TestRunner" name="runScenario" time="0.714"/>
  <testcase classname="runner.TestRunner" name="runScenario" time="1.080"/>
  <testcase classname="runner.TestRunner" name="runScenario" time="1.646"/>
  <testcase classname="runner.TestRunner" name="runScenario" time="0.990"/>
  <testcase classname="runner.TestRunner" name="runScenario" time="0.146"/>
  <testcase classname="runner.TestRunner" name="runScenario" time="1.076"/>
  <testcase classname="runner.TestRunner" name="runScenario" time="0.593"/>
  <testcase classname="runner.TestRunner" name="runScenario" time="0.576"/>
  <testcase classname="runner.TestRunner" name="runScenario" time="0.358"/>
  <testcase classname="runner.TestRunner" name="runScenario" time="0.149"/>
  <testcase classname="runner.TestRunner" name="runScenario" time="1.079"/>
  <testcase classname="runner.TestRunner" name="runScenario" time="0.573"/>
  <testcase classname="runner.TestRunner" name="runScenario" time="1.125"/>
  <testcase classname="runner.TestRunner" name="runScenario" time="0.148"/>
  <testcase classname="runner.TestRunner" name="runScenario" time="1.138"/>
  <testcase classname="runner.TestRunner" name="runScenario" time="0.805"/>
  <testcase classname="runner.TestRunner" name="runScenario" time="0.491"/>
  <testcase classname="runner.TestRunner" name="runScenario" time="1.359"/>
  <testcase classname="runner.TestRunner" name="runScenario" time="0.614"/>
  <testcase classname="runner.TestRunner" name="runScenario" time="0.165"/>
  <testcase classname="runner.TestRunner" name="runScenario" time="1.067"/>
  <testcase classname="runner.TestRunner" name="runScenario" time="0.159"/>
  <testcase classname="runner.TestRunner" name="runScenario" time="1.398"/>
  <testcase classname="runner.TestRunner" name="runScenario" time="1.353"/>
  <testcase classname="runner.TestRunner" name="runScenario" time="1.090"/>
  <testcase classname="runner.TestRunner" name="runScenario" time="0.512"/>
  <testcase classname="runner.TestRunner" name="runScenario" time="1.882"/>
  <testcase classname="runner.TestRunner" name="runScenario" time="0.661"/>
  <testcase classname="runner.TestRunner" name="runScenario" time="1.099"/>
  <testcase classname="runner.TestRunner" name="runScenario" time="1.571"/>
  <testcase classname="runner.TestRunner" name="runScenario" time="0.770"/>
  <testcase classname="runner.TestRunner" name="runScenario" time="0.839"/>
  <testcase classname="runner.TestRunner" name="runScenario" time="3.025">
    <failure message="Result do not match expected [Submission Successful] but found [Error occurred during submission]" type="java.lang.AssertionError">
      <![CDATA[java.lang.AssertionError: Result do not match expected [Submission Successful] but found [Error occurred during submission]
at org.testng.Assert.fail(Assert.java:111)
at org.testng.Assert.failNotEquals(Assert.java:1578)
at org.testng.Assert.assertEqualsImpl(Assert.java:150)
at org.testng.Assert.assertEquals(Assert.java:132)
at org.testng.Assert.assertEquals(Assert.java:656)
at stepDefinitions.ArraySD.the_user_should_be_presented_with_successful_submission_message(ArraySD.java:167)
at ✽.The user should be presented with successful submission message(file:///C:/Users/14793/eclipse-workspace/DSAlgosample/DSAlgo/src/test/resources/features/5_Array.feature:219)
]]>
    </failure>
  </testcase> <!-- runScenario -->
  <testcase classname="runner.TestRunner" name="runScenario" time="0.573"/>
  <testcase classname="runner.TestRunner" name="runScenario" time="0.144"/>
  <testcase classname="runner.TestRunner" name="runScenario" time="0.482"/>
  <testcase classname="runner.TestRunner" name="runScenario" time="1.611"/>
  <testcase classname="runner.TestRunner" name="runScenario" time="0.785"/>
  <testcase classname="runner.TestRunner" name="runScenario" time="0.530"/>
  <testcase classname="runner.TestRunner" name="runScenario" time="1.662">
    <failure message="expected [Password can’t be commonly used password] but found [password_mismatch:The two password fields didn’t match.]" type="java.lang.AssertionError">
      <![CDATA[java.lang.AssertionError: expected [Password can’t be commonly used password] but found [password_mismatch:The two password fields didn’t match.]
at org.testng.Assert.fail(Assert.java:111)
at org.testng.Assert.failNotEquals(Assert.java:1578)
at org.testng.Assert.assertEqualsImpl(Assert.java:150)
at org.testng.Assert.assertEquals(Assert.java:132)
at org.testng.Assert.assertEquals(Assert.java:656)
at org.testng.Assert.assertEquals(Assert.java:666)
at stepDefinitions.RegisterPageSD.it_should_display_an_error_message(RegisterPageSD.java:92)
at ✽.It should display an error message "Password can’t be commonly used password"(file:///C:/Users/14793/eclipse-workspace/DSAlgosample/DSAlgo/src/test/resources/features/2_RegisterPage.feature:89)
]]>
    </failure>
  </testcase> <!-- runScenario -->
  <testcase classname="runner.TestRunner" name="runScenario" time="1.304"/>
  <testcase classname="runner.TestRunner" name="runScenario" time="1.103"/>
  <testcase classname="runner.TestRunner" name="runScenario" time="1.086"/>
  <testcase classname="runner.TestRunner" name="runScenario" time="0.618"/>
  <testcase classname="runner.TestRunner" name="runScenario" time="1.126"/>
  <testcase classname="runner.TestRunner" name="runScenario" time="0.769"/>
  <testcase classname="runner.TestRunner" name="runScenario" time="1.120"/>
  <testcase classname="runner.TestRunner" name="runScenario" time="0.534"/>
  <testcase classname="runner.TestRunner" name="runScenario" time="0.633"/>
  <testcase classname="runner.TestRunner" name="runScenario" time="0.990"/>
  <testcase classname="runner.TestRunner" name="runScenario" time="0.785"/>
  <testcase classname="runner.TestRunner" name="runScenario" time="1.451"/>
  <testcase classname="runner.TestRunner" name="runScenario" time="0.545"/>
  <testcase classname="runner.TestRunner" name="runScenario" time="0.950"/>
  <testcase classname="runner.TestRunner" name="runScenario" time="0.134"/>
  <testcase classname="runner.TestRunner" name="runScenario" time="1.302"/>
  <testcase classname="runner.TestRunner" name="runScenario" time="0.878"/>
  <testcase classname="runner.TestRunner" name="runScenario" time="2.184">
    <failure message="Result do not match expected [Submission Successful] but found [ No tests were collected]" type="java.lang.AssertionError">
      <![CDATA[java.lang.AssertionError: Result do not match expected [Submission Successful] but found [ No tests were collected]
at org.testng.Assert.fail(Assert.java:111)
at org.testng.Assert.failNotEquals(Assert.java:1578)
at org.testng.Assert.assertEqualsImpl(Assert.java:150)
at org.testng.Assert.assertEquals(Assert.java:132)
at org.testng.Assert.assertEquals(Assert.java:656)
at stepDefinitions.ArraySD.the_user_should_be_presented_with_successful_submission_message(ArraySD.java:167)
at ✽.The user should be presented with successful submission message(file:///C:/Users/14793/eclipse-workspace/DSAlgosample/DSAlgo/src/test/resources/features/5_Array.feature:357)
]]>
    </failure>
  </testcase> <!-- runScenario -->
  <testcase classname="runner.TestRunner" name="runScenario" time="1.083"/>
  <testcase classname="runner.TestRunner" name="runScenario" time="0.569"/>
  <testcase classname="runner.TestRunner" name="runScenario" time="0.563"/>
  <testcase classname="runner.TestRunner" name="runScenario" time="1.476">
    <failure message="expected [Password should contain at least 8 characters] but found [password_mismatch:The two password fields didn’t match.]" type="java.lang.AssertionError">
      <![CDATA[java.lang.AssertionError: expected [Password should contain at least 8 characters] but found [password_mismatch:The two password fields didn’t match.]
at org.testng.Assert.fail(Assert.java:111)
at org.testng.Assert.failNotEquals(Assert.java:1578)
at org.testng.Assert.assertEqualsImpl(Assert.java:150)
at org.testng.Assert.assertEquals(Assert.java:132)
at org.testng.Assert.assertEquals(Assert.java:656)
at org.testng.Assert.assertEquals(Assert.java:666)
at stepDefinitions.RegisterPageSD.it_should_display_an_error_message(RegisterPageSD.java:92)
at ✽.It should display an error message "Password should contain at least 8 characters"(file:///C:/Users/14793/eclipse-workspace/DSAlgosample/DSAlgo/src/test/resources/features/2_RegisterPage.feature:64)
]]>
    </failure>
  </testcase> <!-- runScenario -->
  <testcase classname="runner.TestRunner" name="runScenario" time="1.137"/>
  <testcase classname="runner.TestRunner" name="runScenario" time="1.324"/>
  <testcase classname="runner.TestRunner" name="runScenario" time="0.747"/>
  <testcase classname="runner.TestRunner" name="runScenario" time="0.493"/>
  <testcase classname="runner.TestRunner" name="runScenario" time="1.030"/>
  <testcase classname="runner.TestRunner" name="runScenario" time="0.750"/>
  <testcase classname="runner.TestRunner" name="runScenario" time="0.763"/>
  <testcase classname="runner.TestRunner" name="runScenario" time="1.081"/>
  <testcase classname="runner.TestRunner" name="runScenario" time="1.555"/>
  <testcase classname="runner.TestRunner" name="runScenario" time="0.176"/>
  <testcase classname="runner.TestRunner" name="runScenario" time="0.512"/>
  <testcase classname="runner.TestRunner" name="runScenario" time="10.188"/>
  <testcase classname="runner.TestRunner" name="runScenario" time="0.136"/>
  <testcase classname="runner.TestRunner" name="runScenario" time="0.823"/>
  <testcase classname="runner.TestRunner" name="runScenario" time="0.613"/>
  <testcase classname="runner.TestRunner" name="runScenario" time="1.540"/>
  <testcase classname="runner.TestRunner" name="runScenario" time="1.161"/>
  <testcase classname="runner.TestRunner" name="runScenario" time="0.556"/>
  <testcase classname="runner.TestRunner" name="runScenario" time="0.544"/>
  <testcase classname="runner.TestRunner" name="runScenario" time="0.854"/>
  <testcase classname="runner.TestRunner" name="runScenario" time="1.646"/>
  <testcase classname="runner.TestRunner" name="runScenario" time="0.827"/>
  <testcase classname="runner.TestRunner" name="runScenario" time="0.947"/>
  <testcase classname="runner.TestRunner" name="runScenario" time="0.578"/>
  <testcase classname="runner.TestRunner" name="runScenario" time="0.598"/>
  <testcase classname="runner.TestRunner" name="runScenario" time="0.622"/>
  <testcase classname="runner.TestRunner" name="runScenario" time="0.460"/>
  <testcase classname="runner.TestRunner" name="runScenario" time="0.569"/>
  <testcase classname="runner.TestRunner" name="runScenario" time="0.999"/>
  <testcase classname="runner.TestRunner" name="runScenario" time="0.529"/>
  <testcase classname="runner.TestRunner" name="runScenario" time="0.602"/>
  <testcase classname="runner.TestRunner" name="runScenario" time="0.620"/>
  <testcase classname="runner.TestRunner" name="runScenario" time="1.022"/>
  <testcase classname="runner.TestRunner" name="runScenario" time="1.009"/>
  <testcase classname="runner.TestRunner" name="runScenario" time="1.334"/>
  <testcase classname="runner.TestRunner" name="runScenario" time="1.058"/>
  <testcase classname="runner.TestRunner" name="runScenario" time="0.530"/>
  <testcase classname="runner.TestRunner" name="runScenario" time="0.489"/>
  <testcase classname="runner.TestRunner" name="runScenario" time="0.610"/>
  <testcase classname="runner.TestRunner" name="runScenario" time="0.673"/>
  <testcase classname="runner.TestRunner" name="runScenario" time="0.600"/>
  <testcase classname="runner.TestRunner" name="runScenario" time="0.474"/>
  <testcase classname="runner.TestRunner" name="runScenario" time="1.133"/>
  <testcase classname="runner.TestRunner" name="runScenario" time="0.664"/>
  <testcase classname="runner.TestRunner" name="runScenario" time="0.551"/>
  <testcase classname="runner.TestRunner" name="runScenario" time="1.862">
    <failure message="expected [password can’t be too similar to your other personal information.] but found [password_mismatch:The two password fields didn’t match.]" type="java.lang.AssertionError">
      <![CDATA[java.lang.AssertionError: expected [password can’t be too similar to your other personal information.] but found [password_mismatch:The two password fields didn’t match.]
at org.testng.Assert.fail(Assert.java:111)
at org.testng.Assert.failNotEquals(Assert.java:1578)
at org.testng.Assert.assertEqualsImpl(Assert.java:150)
at org.testng.Assert.assertEquals(Assert.java:132)
at org.testng.Assert.assertEquals(Assert.java:656)
at org.testng.Assert.assertEquals(Assert.java:666)
at stepDefinitions.RegisterPageSD.it_should_display_an_error_message(RegisterPageSD.java:92)
at ✽.It should display an error message "password can’t be too similar to your other personal information."(file:///C:/Users/14793/eclipse-workspace/DSAlgosample/DSAlgo/src/test/resources/features/2_RegisterPage.feature:80)
]]>
    </failure>
  </testcase> <!-- runScenario -->
  <testcase classname="runner.TestRunner" name="runScenario" time="1.340"/>
  <testcase classname="runner.TestRunner" name="runScenario" time="1.495">
    <failure message="expected [Password can’t be entirely numeric.] but found [password_mismatch:The two password fields didn’t match.]" type="java.lang.AssertionError">
      <![CDATA[java.lang.AssertionError: expected [Password can’t be entirely numeric.] but found [password_mismatch:The two password fields didn’t match.]
at org.testng.Assert.fail(Assert.java:111)
at org.testng.Assert.failNotEquals(Assert.java:1578)
at org.testng.Assert.assertEqualsImpl(Assert.java:150)
at org.testng.Assert.assertEquals(Assert.java:132)
at org.testng.Assert.assertEquals(Assert.java:656)
at org.testng.Assert.assertEquals(Assert.java:666)
at stepDefinitions.RegisterPageSD.it_should_display_an_error_message(RegisterPageSD.java:92)
at ✽.It should display an error message "Password can’t be entirely numeric."(file:///C:/Users/14793/eclipse-workspace/DSAlgosample/DSAlgo/src/test/resources/features/2_RegisterPage.feature:72)
]]>
    </failure>
  </testcase> <!-- runScenario -->
  <testcase classname="runner.TestRunner" name="runScenario" time="0.726"/>
  <testcase classname="runner.TestRunner" name="runScenario" time="0.322"/>
  <testcase classname="runner.TestRunner" name="runScenario" time="1.263"/>
  <testcase classname="runner.TestRunner" name="runScenario" time="0.851"/>
  <testcase classname="runner.TestRunner" name="runScenario" time="0.444"/>
  <testcase classname="runner.TestRunner" name="runScenario" time="0.441"/>
  <testcase classname="runner.TestRunner" name="runScenario" time="1.674"/>
  <testcase classname="runner.TestRunner" name="runScenario" time="1.536"/>
  <testcase classname="runner.TestRunner" name="runScenario" time="1.403"/>
  <testcase classname="runner.TestRunner" name="runScenario" time="0.848"/>
  <testcase classname="runner.TestRunner" name="runScenario" time="0.746"/>
  <testcase classname="runner.TestRunner" name="runScenario" time="0.612"/>
  <testcase classname="runner.TestRunner" name="runScenario" time="2.361">
    <failure message="expected [Please enter a valid username] but found [password_mismatch:The two password fields didn’t match.]" type="java.lang.AssertionError">
      <![CDATA[java.lang.AssertionError: expected [Please enter a valid username] but found [password_mismatch:The two password fields didn’t match.]
at org.testng.Assert.fail(Assert.java:111)
at org.testng.Assert.failNotEquals(Assert.java:1578)
at org.testng.Assert.assertEqualsImpl(Assert.java:150)
at org.testng.Assert.assertEquals(Assert.java:132)
at org.testng.Assert.assertEquals(Assert.java:656)
at org.testng.Assert.assertEquals(Assert.java:666)
at stepDefinitions.RegisterPageSD.it_should_display_an_error_message(RegisterPageSD.java:92)
at ✽.It should display an error message "Please enter a valid username"(file:///C:/Users/14793/eclipse-workspace/DSAlgosample/DSAlgo/src/test/resources/features/2_RegisterPage.feature:40)
]]>
    </failure>
  </testcase> <!-- runScenario -->
  <testcase classname="runner.TestRunner" name="runScenario" time="2.394">
    <failure message="Result do not match expected [Submission Successful] but found [Error occurred during submission]" type="java.lang.AssertionError">
      <![CDATA[java.lang.AssertionError: Result do not match expected [Submission Successful] but found [Error occurred during submission]
at org.testng.Assert.fail(Assert.java:111)
at org.testng.Assert.failNotEquals(Assert.java:1578)
at org.testng.Assert.assertEqualsImpl(Assert.java:150)
at org.testng.Assert.assertEquals(Assert.java:132)
at org.testng.Assert.assertEquals(Assert.java:656)
at stepDefinitions.ArraySD.the_user_should_be_presented_with_successful_submission_message(ArraySD.java:167)
at ✽.The user should be presented with successful submission message(file:///C:/Users/14793/eclipse-workspace/DSAlgosample/DSAlgo/src/test/resources/features/5_Array.feature:265)
]]>
    </failure>
  </testcase> <!-- runScenario -->
  <testcase classname="runner.TestRunner" name="runScenario" time="1.302"/>
  <testcase classname="runner.TestRunner" name="runScenario" time="0.612"/>
  <testcase classname="runner.TestRunner" name="runScenario" time="0.859"/>
  <testcase classname="runner.TestRunner" name="runScenario" time="1.078"/>
  <testcase classname="runner.TestRunner" name="runScenario" time="0.136"/>
  <testcase classname="runner.TestRunner" name="runScenario" time="0.937"/>
  <testcase classname="runner.TestRunner" name="runScenario" time="0.631"/>
  <testcase classname="runner.TestRunner" name="runScenario" time="0.510"/>
  <testcase classname="runner.TestRunner" name="runScenario" time="0.947"/>
  <testcase classname="runner.TestRunner" name="runScenario" time="0.519"/>
  <testcase classname="runner.TestRunner" name="runScenario" time="0.833"/>
  <testcase classname="runner.TestRunner" name="runScenario" time="1.487">
    <failure message="Title do not match expected [NumpyNinja] but found [Registration]" type="java.lang.AssertionError">
      <![CDATA[java.lang.AssertionError: Title do not match expected [NumpyNinja] but found [Registration]
at org.testng.Assert.fail(Assert.java:111)
at org.testng.Assert.failNotEquals(Assert.java:1578)
at org.testng.Assert.assertEqualsImpl(Assert.java:150)
at org.testng.Assert.assertEquals(Assert.java:132)
at org.testng.Assert.assertEquals(Assert.java:656)
at stepDefinitions.RegisterPageSD.the_user_should_be_redirected_to_homepage_with_the_message(RegisterPageSD.java:214)
at ✽.The user should be redirected to Homepage with the message "New Account Created. You are logged in as Numpy@sdet117_166"(file:///C:/Users/14793/eclipse-workspace/DSAlgosample/DSAlgo/src/test/resources/features/2_RegisterPage.feature:98)
]]>
    </failure>
  </testcase> <!-- runScenario -->
  <testcase classname="runner.TestRunner" name="runScenario" time="1.183"/>
  <testcase classname="runner.TestRunner" name="runScenario" time="1.053"/>
  <testcase classname="runner.TestRunner" name="runScenario" time="0.507"/>
  <testcase classname="runner.TestRunner" name="runScenario" time="5.317">
    <failure message="expected [Invalid Username] but found [Invalid Username and Password]" type="java.lang.AssertionError">
      <![CDATA[java.lang.AssertionError: expected [Invalid Username] but found [Invalid Username and Password]
at org.testng.Assert.fail(Assert.java:111)
at org.testng.Assert.failNotEquals(Assert.java:1578)
at org.testng.Assert.assertEqualsImpl(Assert.java:150)
at org.testng.Assert.assertEquals(Assert.java:132)
at org.testng.Assert.assertEquals(Assert.java:656)
at org.testng.Assert.assertEquals(Assert.java:666)
at stepDefinitions.SigninPageSD.click_login_button(SigninPageSD.java:125)
at ✽.click login button(file:///C:/Users/14793/eclipse-workspace/DSAlgosample/DSAlgo/src/test/resources/features/3_SigninPage.feature:37)
]]>
    </failure>
  </testcase> <!-- runScenario -->
  <testcase classname="runner.TestRunner" name="runScenario" time="0.581"/>
  <testcase classname="runner.TestRunner" name="runScenario" time="1.270"/>
  <testcase classname="runner.TestRunner" name="runScenario" time="0.572"/>
  <testcase classname="runner.TestRunner" name="runScenario" time="0.581"/>
  <testcase classname="runner.TestRunner" name="runScenario" time="0.811"/>
  <testcase classname="runner.TestRunner" name="runScenario" time="0.931"/>
</testsuite> <!-- runner.TestRunner -->
